<?xml version="1.0" encoding="UTF-8"?>
<testng-results skipped="0" failed="1" total="4" passed="3">
  <reporter-output>
  </reporter-output>
  <suite name="TookiTaki" duration-ms="88922" started-at="2019-04-02T04:43:01Z" finished-at="2019-04-02T04:44:30Z">
    <groups>
    </groups>
    <test name="ChromeBrowserTest" duration-ms="88922" started-at="2019-04-02T04:43:01Z" finished-at="2019-04-02T04:44:30Z">
      <class name="com.orangehrm.tests.LoginPageTest">
        <test-method status="PASS" signature="setup(java.lang.String, java.lang.String)[pri:0, instance:com.orangehrm.tests.LoginPageTest@dca536]" name="setup" is-config="true" duration-ms="13309" started-at="2019-04-02T10:13:01Z" finished-at="2019-04-02T10:13:14Z">
          <params>
            <param index="0">
              <value>
                <![CDATA[Chrome]]>
              </value>
            </param>
            <param index="1">
              <value>
                <![CDATA[orangehrm]]>
              </value>
            </param>
          </params>
          <reporter-output>
          </reporter-output>
        </test-method> <!-- setup -->
        <test-method status="PASS" signature="loginTest()[pri:0, instance:com.orangehrm.tests.LoginPageTest@dca536]" name="loginTest" duration-ms="6711" started-at="2019-04-02T10:13:14Z" finished-at="2019-04-02T10:13:21Z">
          <reporter-output>
          </reporter-output>
        </test-method> <!-- loginTest -->
        <test-method status="PASS" signature="afterMethod()[pri:0, instance:com.orangehrm.tests.LoginPageTest@dca536]" name="afterMethod" is-config="true" duration-ms="691" started-at="2019-04-02T10:13:21Z" finished-at="2019-04-02T10:13:22Z">
          <reporter-output>
          </reporter-output>
        </test-method> <!-- afterMethod -->
      </class> <!-- com.orangehrm.tests.LoginPageTest -->
      <class name="com.orangehrm.tests.GenInfoPageTest">
        <test-method status="PASS" signature="setup(java.lang.String, java.lang.String)[pri:0, instance:com.orangehrm.tests.GenInfoPageTest@9d209a]" name="setup" is-config="true" duration-ms="12388" started-at="2019-04-02T10:14:07Z" finished-at="2019-04-02T10:14:19Z">
          <params>
            <param index="0">
              <value>
                <![CDATA[Chrome]]>
              </value>
            </param>
            <param index="1">
              <value>
                <![CDATA[orangehrm]]>
              </value>
            </param>
          </params>
          <reporter-output>
          </reporter-output>
        </test-method> <!-- setup -->
        <test-method status="FAIL" signature="verifyGenInfoFieldsTest()[pri:0, instance:com.orangehrm.tests.GenInfoPageTest@9d209a]" name="verifyGenInfoFieldsTest" duration-ms="9590" started-at="2019-04-02T10:14:19Z" finished-at="2019-04-02T10:14:29Z">
          <exception class="java.lang.AssertionError">
            <message>
              <![CDATA[Number of Employees field is editable expected [false] but found [true]]]>
            </message>
            <full-stacktrace>
              <![CDATA[java.lang.AssertionError: Number of Employees field is editable expected [false] but found [true]
	at org.testng.Assert.fail(Assert.java:94)
	at org.testng.Assert.failNotEquals(Assert.java:494)
	at org.testng.Assert.assertEquals(Assert.java:123)
	at org.testng.Assert.assertEquals(Assert.java:286)
	at com.orangehrm.pageobjects.GeneralInformationPage.verifyGenInfoFieldsEditable(GeneralInformationPage.java:110)
	at com.orangehrm.tests.GenInfoPageTest.verifyGenInfoFieldsTest(GenInfoPageTest.java:31)
	at sun.reflect.NativeMethodAccessorImpl.invoke0(Native Method)
	at sun.reflect.NativeMethodAccessorImpl.invoke(Unknown Source)
	at sun.reflect.DelegatingMethodAccessorImpl.invoke(Unknown Source)
	at java.lang.reflect.Method.invoke(Unknown Source)
	at org.testng.internal.MethodInvocationHelper.invokeMethod(MethodInvocationHelper.java:84)
	at org.testng.internal.Invoker.invokeMethod(Invoker.java:714)
	at org.testng.internal.Invoker.invokeTestMethod(Invoker.java:901)
	at org.testng.internal.Invoker.invokeTestMethods(Invoker.java:1231)
	at org.testng.internal.TestMethodWorker.invokeTestMethods(TestMethodWorker.java:127)
	at org.testng.internal.TestMethodWorker.run(TestMethodWorker.java:111)
	at org.testng.TestRunner.privateRun(TestRunner.java:767)
	at org.testng.TestRunner.run(TestRunner.java:617)
	at org.testng.SuiteRunner.runTest(SuiteRunner.java:334)
	at org.testng.SuiteRunner.runSequentially(SuiteRunner.java:329)
	at org.testng.SuiteRunner.privateRun(SuiteRunner.java:291)
	at org.testng.SuiteRunner.run(SuiteRunner.java:240)
	at org.testng.SuiteRunnerWorker.runSuite(SuiteRunnerWorker.java:52)
	at org.testng.SuiteRunnerWorker.run(SuiteRunnerWorker.java:86)
	at org.testng.TestNG.runSuitesSequentially(TestNG.java:1224)
	at org.testng.TestNG.runSuitesLocally(TestNG.java:1149)
	at org.testng.TestNG.run(TestNG.java:1057)
	at org.testng.remote.RemoteTestNG.run(RemoteTestNG.java:111)
	at org.testng.remote.RemoteTestNG.initAndRun(RemoteTestNG.java:204)
	at org.testng.remote.RemoteTestNG.main(RemoteTestNG.java:175)
]]>
            </full-stacktrace>
          </exception> <!-- java.lang.AssertionError -->
          <reporter-output>
          </reporter-output>
        </test-method> <!-- verifyGenInfoFieldsTest -->
        <test-method status="PASS" signature="afterMethod()[pri:0, instance:com.orangehrm.tests.GenInfoPageTest@9d209a]" name="afterMethod" is-config="true" duration-ms="779" started-at="2019-04-02T10:14:29Z" finished-at="2019-04-02T10:14:30Z">
          <reporter-output>
          </reporter-output>
        </test-method> <!-- afterMethod -->
      </class> <!-- com.orangehrm.tests.GenInfoPageTest -->
      <class name="com.orangehrm.tests.EmployeeListPageTest">
        <test-method status="PASS" signature="setup(java.lang.String, java.lang.String)[pri:0, instance:com.orangehrm.tests.EmployeeListPageTest@1851384]" name="setup" is-config="true" duration-ms="9907" started-at="2019-04-02T10:13:43Z" finished-at="2019-04-02T10:13:53Z">
          <params>
            <param index="0">
              <value>
                <![CDATA[Chrome]]>
              </value>
            </param>
            <param index="1">
              <value>
                <![CDATA[orangehrm]]>
              </value>
            </param>
          </params>
          <reporter-output>
          </reporter-output>
        </test-method> <!-- setup -->
        <test-method status="PASS" signature="verifyAddEmployeeTest()[pri:0, instance:com.orangehrm.tests.EmployeeListPageTest@1851384]" name="verifyAddEmployeeTest" duration-ms="13124" started-at="2019-04-02T10:13:53Z" finished-at="2019-04-02T10:14:06Z">
          <reporter-output>
          </reporter-output>
        </test-method> <!-- verifyAddEmployeeTest -->
        <test-method status="PASS" signature="afterMethod()[pri:0, instance:com.orangehrm.tests.EmployeeListPageTest@1851384]" name="afterMethod" is-config="true" duration-ms="740" started-at="2019-04-02T10:14:06Z" finished-at="2019-04-02T10:14:07Z">
          <reporter-output>
          </reporter-output>
        </test-method> <!-- afterMethod -->
      </class> <!-- com.orangehrm.tests.EmployeeListPageTest -->
      <class name="com.orangehrm.tests.HomePageTest">
        <test-method status="PASS" signature="setup(java.lang.String, java.lang.String)[pri:0, instance:com.orangehrm.tests.HomePageTest@afb23c]" name="setup" is-config="true" duration-ms="10307" started-at="2019-04-02T10:13:22Z" finished-at="2019-04-02T10:13:32Z">
          <params>
            <param index="0">
              <value>
                <![CDATA[Chrome]]>
              </value>
            </param>
            <param index="1">
              <value>
                <![CDATA[orangehrm]]>
              </value>
            </param>
          </params>
          <reporter-output>
          </reporter-output>
        </test-method> <!-- setup -->
        <test-method status="PASS" signature="verifyMouseHoverEmployeeDistributionGraph()[pri:0, instance:com.orangehrm.tests.HomePageTest@afb23c]" name="verifyMouseHoverEmployeeDistributionGraph" duration-ms="10631" started-at="2019-04-02T10:13:32Z" finished-at="2019-04-02T10:13:43Z">
          <reporter-output>
          </reporter-output>
        </test-method> <!-- verifyMouseHoverEmployeeDistributionGraph -->
        <test-method status="PASS" signature="afterMethod()[pri:0, instance:com.orangehrm.tests.HomePageTest@afb23c]" name="afterMethod" is-config="true" duration-ms="717" started-at="2019-04-02T10:13:43Z" finished-at="2019-04-02T10:13:43Z">
          <reporter-output>
          </reporter-output>
        </test-method> <!-- afterMethod -->
      </class> <!-- com.orangehrm.tests.HomePageTest -->
    </test> <!-- ChromeBrowserTest -->
  </suite> <!-- TookiTaki -->
</testng-results>
